<?xml version="1.0" encoding="UTF-8"?>
<!-- Generated by org.testng.reporters.JUnitReportReporter -->
<testsuite hostname="DESKTOP-7HDEA50" failures="0" tests="1" name="com.inetbanking.testcases.TC_LoginTest_001" time="8.201" errors="0" timestamp="2025-08-05T15:17:40 IST" skipped="0">
  <testcase classname="com.inetbanking.testcases.TC_LoginTest_001" name="loginTest" time="8.201"/>
</testsuite> <!-- com.inetbanking.testcases.TC_LoginTest_001 -->
